<?xml version="1.0" encoding="UTF-8"?>
<coverage generated="1536848692">
  <project timestamp="1536848692">
    <package name="MapaDirectSDK">
      <file name="/home/clotaire/www/mapadirectSDK/src/MDApiClient.php">
        <class name="MapaDirectSDK\MDApiClient" namespace="MapaDirectSDK">
          <metrics complexity="20" methods="8" coveredmethods="6" conditionals="0" coveredconditionals="0" statements="49" coveredstatements="13" elements="57" coveredelements="19"/>
        </class>
        <line num="73" type="method" name="__construct" visibility="public" complexity="2" crap="2" count="6"/>
        <line num="75" type="stmt" count="6"/>
        <line num="76" type="stmt" count="6"/>
        <line num="85" type="method" name="getWrapper" visibility="public" complexity="2" crap="2" count="2"/>
        <line num="87" type="stmt" count="2"/>
        <line num="88" type="stmt" count="2"/>
        <line num="90" type="stmt" count="2"/>
        <line num="91" type="stmt" count="1"/>
        <line num="94" type="stmt" count="1"/>
        <line num="103" type="method" name="setApiUrl" visibility="public" complexity="1" crap="1" count="1"/>
        <line num="105" type="stmt" count="1"/>
        <line num="107" type="stmt" count="1"/>
        <line num="113" type="method" name="getUrl" visibility="public" complexity="1" crap="1" count="2"/>
        <line num="115" type="stmt" count="2"/>
        <line num="124" type="method" name="call" visibility="public" complexity="2" crap="6" count="0"/>
        <line num="126" type="stmt" count="0"/>
        <line num="127" type="stmt" count="0"/>
        <line num="128" type="stmt" count="0"/>
        <line num="130" type="stmt" count="0"/>
        <line num="139" type="method" name="send" visibility="private" complexity="10" crap="110" count="0"/>
        <line num="141" type="stmt" count="0"/>
        <line num="142" type="stmt" count="0"/>
        <line num="145" type="stmt" count="0"/>
        <line num="146" type="stmt" count="0"/>
        <line num="147" type="stmt" count="0"/>
        <line num="149" type="stmt" count="0"/>
        <line num="151" type="stmt" count="0"/>
        <line num="152" type="stmt" count="0"/>
        <line num="153" type="stmt" count="0"/>
        <line num="154" type="stmt" count="0"/>
        <line num="155" type="stmt" count="0"/>
        <line num="157" type="stmt" count="0"/>
        <line num="158" type="stmt" count="0"/>
        <line num="159" type="stmt" count="0"/>
        <line num="162" type="stmt" count="0"/>
        <line num="163" type="stmt" count="0"/>
        <line num="166" type="stmt" count="0"/>
        <line num="167" type="stmt" count="0"/>
        <line num="170" type="stmt" count="0"/>
        <line num="171" type="stmt" count="0"/>
        <line num="174" type="stmt" count="0"/>
        <line num="175" type="stmt" count="0"/>
        <line num="176" type="stmt" count="0"/>
        <line num="178" type="stmt" count="0"/>
        <line num="179" type="stmt" count="0"/>
        <line num="183" type="stmt" count="0"/>
        <line num="184" type="stmt" count="0"/>
        <line num="185" type="stmt" count="0"/>
        <line num="186" type="stmt" count="0"/>
        <line num="187" type="stmt" count="0"/>
        <line num="188" type="stmt" count="0"/>
        <line num="190" type="stmt" count="0"/>
        <line num="197" type="method" name="setResponse" visibility="public" complexity="1" crap="1" count="2"/>
        <line num="199" type="stmt" count="2"/>
        <line num="201" type="stmt" count="2"/>
        <line num="209" type="method" name="getResponse" visibility="public" complexity="1" crap="1" count="2"/>
        <line num="211" type="stmt" count="2"/>
        <metrics loc="213" ncloc="145" classes="1" methods="8" coveredmethods="6" conditionals="0" coveredconditionals="0" statements="49" coveredstatements="13" elements="57" coveredelements="19"/>
      </file>
      <file name="/home/clotaire/www/mapadirectSDK/src/MDApiResponse.php">
        <class name="MapaDirectSDK\MDApiResponse" namespace="MapaDirectSDK">
          <metrics complexity="8" methods="8" coveredmethods="7" conditionals="0" coveredconditionals="0" statements="12" coveredstatements="11" elements="20" coveredelements="18"/>
        </class>
        <line num="42" type="method" name="__construct" visibility="public" complexity="1" crap="1" count="9"/>
        <line num="44" type="stmt" count="9"/>
        <line num="46" type="stmt" count="9"/>
        <line num="55" type="method" name="setStatus" visibility="public" complexity="1" crap="1" count="1"/>
        <line num="57" type="stmt" count="1"/>
        <line num="59" type="stmt" count="1"/>
        <line num="67" type="method" name="isSuccess" visibility="public" complexity="1" crap="1" count="1"/>
        <line num="69" type="stmt" count="1"/>
        <line num="77" type="method" name="getStatus" visibility="public" complexity="1" crap="2" count="0"/>
        <line num="79" type="stmt" count="0"/>
        <line num="87" type="method" name="addError" visibility="public" complexity="1" crap="1" count="1"/>
        <line num="89" type="stmt" count="1"/>
        <line num="91" type="stmt" count="1"/>
        <line num="99" type="method" name="getErrors" visibility="public" complexity="1" crap="1" count="1"/>
        <line num="101" type="stmt" count="1"/>
        <line num="110" type="method" name="setContent" visibility="public" complexity="1" crap="1" count="1"/>
        <line num="112" type="stmt" count="1"/>
        <line num="114" type="stmt" count="1"/>
        <line num="122" type="method" name="getContent" visibility="public" complexity="1" crap="1" count="1"/>
        <line num="124" type="stmt" count="1"/>
        <metrics loc="126" ncloc="60" classes="1" methods="8" coveredmethods="7" conditionals="0" coveredconditionals="0" statements="12" coveredstatements="11" elements="20" coveredelements="18"/>
      </file>
    </package>
    <package name="MapaDirectSDK\Wrappers">
      <file name="/home/clotaire/www/mapadirectSDK/src/Wrappers/MDApiWrapperAbstract.php">
        <class name="MapaDirectSDK\Wrappers\MDApiWrapperAbstract" namespace="MapaDirectSDK\Wrappers">
          <metrics complexity="14" methods="13" coveredmethods="11" conditionals="0" coveredconditionals="0" statements="22" coveredstatements="18" elements="35" coveredelements="29"/>
        </class>
        <line num="52" type="method" name="setCredentials" visibility="public" complexity="1" crap="1" count="1"/>
        <line num="54" type="stmt" count="1"/>
        <line num="56" type="stmt" count="1"/>
        <line num="62" type="method" name="getCredentials" visibility="public" complexity="1" crap="1" count="1"/>
        <line num="64" type="stmt" count="1"/>
        <line num="70" type="method" name="getUri" visibility="public" complexity="1" crap="1" count="4"/>
        <line num="72" type="stmt" count="4"/>
        <line num="79" type="method" name="setId" visibility="public" complexity="1" crap="1" count="12"/>
        <line num="81" type="stmt" count="12"/>
        <line num="83" type="stmt" count="12"/>
        <line num="89" type="method" name="getMethod" visibility="public" complexity="1" crap="1" count="8"/>
        <line num="91" type="stmt" count="8"/>
        <line num="101" type="method" name="setInput" visibility="public" complexity="1" crap="1" count="3"/>
        <line num="103" type="stmt" count="3"/>
        <line num="105" type="stmt" count="3"/>
        <line num="113" type="method" name="getInput" visibility="public" complexity="1" crap="1" count="2"/>
        <line num="115" type="stmt" count="2"/>
        <line num="123" type="method" name="check" visibility="public" complexity="2" crap="2.15" count="5"/>
        <line num="125" type="stmt" count="5"/>
        <line num="126" type="stmt" count="0"/>
        <line num="129" type="stmt" count="5"/>
        <line num="139" type="method" name="parseResponse" visibility="public" complexity="1" crap="2" count="0"/>
        <line num="141" type="stmt" count="0"/>
        <line num="142" type="stmt" count="0"/>
        <line num="144" type="stmt" count="0"/>
        <line num="151" type="method" name="setToken" visibility="public" complexity="1" crap="1" count="1"/>
        <line num="153" type="stmt" count="1"/>
        <line num="155" type="stmt" count="1"/>
        <line num="161" type="method" name="getToken" visibility="public" complexity="1" crap="1" count="1"/>
        <line num="163" type="stmt" count="1"/>
        <line num="169" type="method" name="getSiret" visibility="public" complexity="1" crap="1" count="7"/>
        <line num="171" type="stmt" count="7"/>
        <line num="178" type="method" name="setSiret" visibility="public" complexity="1" crap="1" count="13"/>
        <line num="180" type="stmt" count="13"/>
        <line num="182" type="stmt" count="13"/>
        <metrics loc="184" ncloc="104" classes="1" methods="13" coveredmethods="11" conditionals="0" coveredconditionals="0" statements="22" coveredstatements="18" elements="35" coveredelements="29"/>
      </file>
      <file name="/home/clotaire/www/mapadirectSDK/src/Wrappers/MDApiWrapperAddProduct.php">
        <class name="MapaDirectSDK\Wrappers\MDApiWrapperAddProduct" namespace="MapaDirectSDK\Wrappers">
          <metrics complexity="2" methods="1" coveredmethods="1" conditionals="0" coveredconditionals="0" statements="3" coveredstatements="3" elements="4" coveredelements="4"/>
        </class>
        <line num="40" type="method" name="check" visibility="public" complexity="2" crap="2" count="1"/>
        <line num="42" type="stmt" count="1"/>
        <line num="43" type="stmt" count="1"/>
        <line num="45" type="stmt" count="1"/>
        <metrics loc="47" ncloc="19" classes="1" methods="1" coveredmethods="1" conditionals="0" coveredconditionals="0" statements="3" coveredstatements="3" elements="4" coveredelements="4"/>
      </file>
      <file name="/home/clotaire/www/mapadirectSDK/src/Wrappers/MDApiWrapperAuth.php">
        <class name="MapaDirectSDK\Wrappers\MDApiWrapperAuth" namespace="MapaDirectSDK\Wrappers">
          <metrics complexity="6" methods="5" coveredmethods="4" conditionals="0" coveredconditionals="0" statements="9" coveredstatements="8" elements="14" coveredelements="12"/>
        </class>
        <line num="50" type="method" name="check" visibility="public" complexity="2" crap="2.15" count="1"/>
        <line num="52" type="stmt" count="1"/>
        <line num="53" type="stmt" count="1"/>
        <line num="56" type="stmt" count="0"/>
        <line num="62" type="method" name="getSecureKey" visibility="public" complexity="1" crap="1" count="1"/>
        <line num="64" type="stmt" count="1"/>
        <line num="70" type="method" name="setSecureKey" visibility="public" complexity="1" crap="1" count="1"/>
        <line num="72" type="stmt" count="1"/>
        <line num="73" type="stmt" count="1"/>
        <line num="78" type="method" name="getWebHookUrl" visibility="public" complexity="1" crap="1" count="1"/>
        <line num="80" type="stmt" count="1"/>
        <line num="86" type="method" name="setWebHookUrl" visibility="public" complexity="1" crap="1" count="1"/>
        <line num="88" type="stmt" count="1"/>
        <line num="89" type="stmt" count="1"/>
        <metrics loc="90" ncloc="42" classes="1" methods="5" coveredmethods="4" conditionals="0" coveredconditionals="0" statements="9" coveredstatements="8" elements="14" coveredelements="12"/>
      </file>
      <file name="/home/clotaire/www/mapadirectSDK/src/Wrappers/MDApiWrapperDeleteProduct.php">
        <class name="MapaDirectSDK\Wrappers\MDApiWrapperDeleteProduct" namespace="MapaDirectSDK\Wrappers">
          <metrics complexity="3" methods="2" coveredmethods="2" conditionals="0" coveredconditionals="0" statements="4" coveredstatements="4" elements="6" coveredelements="6"/>
        </class>
        <line num="40" type="method" name="check" visibility="public" complexity="2" crap="2" count="1"/>
        <line num="42" type="stmt" count="1"/>
        <line num="43" type="stmt" count="1"/>
        <line num="46" type="stmt" count="1"/>
        <line num="52" type="method" name="getUri" visibility="public" complexity="1" crap="1" count="1"/>
        <line num="54" type="stmt" count="1"/>
        <metrics loc="56" ncloc="25" classes="1" methods="2" coveredmethods="2" conditionals="0" coveredconditionals="0" statements="4" coveredstatements="4" elements="6" coveredelements="6"/>
      </file>
      <file name="/home/clotaire/www/mapadirectSDK/src/Wrappers/MDApiWrapperGetCategories.php">
        <class name="MapaDirectSDK\Wrappers\MDApiWrapperGetCategories" namespace="MapaDirectSDK\Wrappers">
          <metrics complexity="0" methods="0" coveredmethods="0" conditionals="0" coveredconditionals="0" statements="0" coveredstatements="0" elements="0" coveredelements="0"/>
        </class>
        <metrics loc="34" ncloc="9" classes="0" methods="0" coveredmethods="0" conditionals="0" coveredconditionals="0" statements="0" coveredstatements="0" elements="0" coveredelements="0"/>
      </file>
      <file name="/home/clotaire/www/mapadirectSDK/src/Wrappers/MDApiWrapperGetProduct.php">
        <class name="MapaDirectSDK\Wrappers\MDApiWrapperGetProduct" namespace="MapaDirectSDK\Wrappers">
          <metrics complexity="3" methods="2" coveredmethods="2" conditionals="0" coveredconditionals="0" statements="4" coveredstatements="4" elements="6" coveredelements="6"/>
        </class>
        <line num="38" type="method" name="check" visibility="public" complexity="2" crap="2" count="1"/>
        <line num="40" type="stmt" count="1"/>
        <line num="41" type="stmt" count="1"/>
        <line num="44" type="stmt" count="1"/>
        <line num="50" type="method" name="getUri" visibility="public" complexity="1" crap="1" count="1"/>
        <line num="52" type="stmt" count="1"/>
        <metrics loc="54" ncloc="23" classes="1" methods="2" coveredmethods="2" conditionals="0" coveredconditionals="0" statements="4" coveredstatements="4" elements="6" coveredelements="6"/>
      </file>
      <file name="/home/clotaire/www/mapadirectSDK/src/Wrappers/MDApiWrapperGetTaxes.php">
        <class name="MapaDirectSDK\Wrappers\MDApiWrapperGetTaxes" namespace="MapaDirectSDK\Wrappers">
          <metrics complexity="0" methods="0" coveredmethods="0" conditionals="0" coveredconditionals="0" statements="0" coveredstatements="0" elements="0" coveredelements="0"/>
        </class>
        <metrics loc="34" ncloc="9" classes="0" methods="0" coveredmethods="0" conditionals="0" coveredconditionals="0" statements="0" coveredstatements="0" elements="0" coveredelements="0"/>
      </file>
      <file name="/home/clotaire/www/mapadirectSDK/src/Wrappers/MDApiWrapperSetShippingProduct.php">
        <class name="MapaDirectSDK\Wrappers\MDApiWrapperSetShippingProduct" namespace="MapaDirectSDK\Wrappers">
          <metrics complexity="3" methods="2" coveredmethods="2" conditionals="0" coveredconditionals="0" statements="4" coveredstatements="4" elements="6" coveredelements="6"/>
        </class>
        <line num="41" type="method" name="check" visibility="public" complexity="2" crap="2" count="1"/>
        <line num="43" type="stmt" count="1"/>
        <line num="44" type="stmt" count="1"/>
        <line num="47" type="stmt" count="1"/>
        <line num="53" type="method" name="getUri" visibility="public" complexity="1" crap="1" count="1"/>
        <line num="55" type="stmt" count="1"/>
        <metrics loc="57" ncloc="25" classes="1" methods="2" coveredmethods="2" conditionals="0" coveredconditionals="0" statements="4" coveredstatements="4" elements="6" coveredelements="6"/>
      </file>
      <file name="/home/clotaire/www/mapadirectSDK/src/Wrappers/MDApiWrapperUpdateProduct.php">
        <class name="MapaDirectSDK\Wrappers\MDApiWrapperUpdateProduct" namespace="MapaDirectSDK\Wrappers">
          <metrics complexity="3" methods="2" coveredmethods="2" conditionals="0" coveredconditionals="0" statements="4" coveredstatements="4" elements="6" coveredelements="6"/>
        </class>
        <line num="40" type="method" name="check" visibility="public" complexity="2" crap="2" count="1"/>
        <line num="42" type="stmt" count="1"/>
        <line num="43" type="stmt" count="1"/>
        <line num="46" type="stmt" count="1"/>
        <line num="52" type="method" name="getUri" visibility="public" complexity="1" crap="1" count="1"/>
        <line num="54" type="stmt" count="1"/>
        <metrics loc="56" ncloc="25" classes="1" methods="2" coveredmethods="2" conditionals="0" coveredconditionals="0" statements="4" coveredstatements="4" elements="6" coveredelements="6"/>
      </file>
    </package>
    <file name="/home/clotaire/www/mapadirectSDK/src/Wrappers/MDApiWrapperInterface.php">
      <metrics loc="104" ncloc="28" classes="0" methods="0" coveredmethods="0" conditionals="0" coveredconditionals="0" statements="0" coveredstatements="0" elements="0" coveredelements="0"/>
    </file>
    <metrics files="12" loc="1055" ncloc="514" classes="9" methods="43" coveredmethods="37" conditionals="0" coveredconditionals="0" statements="111" coveredstatements="69" elements="154" coveredelements="106"/>
  </project>
</coverage>
